RUN	simulations.ComputerCsvFeeder		computercsvfeeder	1543853202783	 	2.0
USER	computer	1	START	1543853203778	1543853203778
USER	computer	2	START	1543853203820	1543853203820
REQUEST	computer	2		Load Computer Database	1543853203821	1543853203871	OK	 
REQUEST	computer	1		Load Computer Database	1543853203814	1543853203862	OK	 
REQUEST	computer	2		Click on add a computer	1543853204024	1543853204076	OK	 
REQUEST	computer	1		bootstrap.min.css	1543853204022	1543853204078	OK	 
REQUEST	computer	1		main.css	1543853204025	1543853204083	OK	 
REQUEST	computer	2		bootstrap.min.css	1543853204022	1543853204075	OK	 
REQUEST	computer	1		Click on add a computer	1543853204026	1543853204092	OK	 
REQUEST	computer	2		main.css	1543853204023	1543853204081	OK	 
REQUEST	computer	2		Add a computer page open	1543853210119	1543853210161	OK	 
REQUEST	computer	1		Add a computer page open	1543853210129	1543853210172	OK	 
REQUEST	computer	2		request_3	1543853210170	1543853210192	OK	 
REQUEST	computer	1		request_3	1543853210176	1543853210197	OK	 
REQUEST	computer	2		Enter details	1543853236212	1543853236250	OK	 
REQUEST	computer	1		Enter details	1543853236207	1543853236249	OK	 
REQUEST	computer	2		Enter details Redirect 1	1543853236260	1543853236287	OK	 
REQUEST	computer	1		Enter details Redirect 1	1543853236260	1543853236287	OK	 
REQUEST	computer	2		request_5 Redirect 1	1543853236302	1543853236323	OK	 
REQUEST	computer	1		request_5 Redirect 1	1543853236301	1543853236323	OK	 
USER	computer	2	END	1543853203820	1543853236327
USER	computer	1	END	1543853203778	1543853236327
